# JRE version: OpenJDK Runtime Environment (8.0_102-b14) (build 1.8.0_102-b14)
# Java VM: OpenJDK 64-Bit Server VM (25.102-b14 mixed mode linux-amd64 compressed oops)
Heap:
 PSYoungGen      total 17920K, used 10388K [0x00000000ec000000, 0x00000000edb00000, 0x0000000100000000)
  eden space 15360K, 51% used [0x00000000ec000000,0x00000000ec7ad198,0x00000000ecf00000)
  from space 2560K, 98% used [0x00000000ecf00000,0x00000000ed178020,0x00000000ed180000)
  to   space 6144K, 0% used [0x00000000ed500000,0x00000000ed500000,0x00000000edb00000)
 ParOldGen       total 40960K, used 8572K [0x00000000c4000000, 0x00000000c6800000, 0x00000000ec000000)
  object space 40960K, 20% used [0x00000000c4000000,0x00000000c485f168,0x00000000c6800000)
 Metaspace       used 15796K, capacity 16100K, committed 16384K, reserved 1062912K
  class space    used 1879K, capacity 1979K, committed 2048K, reserved 1048576K
GC Heap History (10 events):
Event: 12838.030 GC heap before
{Heap before GC invocations=1 (full 0):
 PSYoungGen      total 17920K, used 15360K [0x00000000ec000000, 0x00000000ed400000, 0x0000000100000000)
  eden space 15360K, 100% used [0x00000000ec000000,0x00000000ecf00000,0x00000000ecf00000)
  from space 2560K, 0% used [0x00000000ed180000,0x00000000ed180000,0x00000000ed400000)
  to   space 2560K, 0% used [0x00000000ecf00000,0x00000000ecf00000,0x00000000ed180000)
 ParOldGen       total 40960K, used 0K [0x00000000c4000000, 0x00000000c6800000, 0x00000000ec000000)
  object space 40960K, 0% used [0x00000000c4000000,0x00000000c4000000,0x00000000c6800000)
 Metaspace       used 8537K, capacity 8630K, committed 8832K, reserved 1056768K
  class space    used 1018K, capacity 1041K, committed 1152K, reserved 1048576K
Event: 12838.037 GC heap after
Heap after GC invocations=1 (full 0):
 PSYoungGen      total 17920K, used 2532K [0x00000000ec000000, 0x00000000ed400000, 0x0000000100000000)
  eden space 15360K, 0% used [0x00000000ec000000,0x00000000ec000000,0x00000000ecf00000)
  from space 2560K, 98% used [0x00000000ecf00000,0x00000000ed179238,0x00000000ed180000)
  to   space 2560K, 0% used [0x00000000ed180000,0x00000000ed180000,0x00000000ed400000)
 ParOldGen       total 40960K, used 2032K [0x00000000c4000000, 0x00000000c6800000, 0x00000000ec000000)
  object space 40960K, 4% used [0x00000000c4000000,0x00000000c41fc2e0,0x00000000c6800000)
 Metaspace       used 8537K, capacity 8630K, committed 8832K, reserved 1056768K
  class space    used 1018K, capacity 1041K, committed 1152K, reserved 1048576K
}
Event: 12839.589 GC heap before
{Heap before GC invocations=2 (full 0):
 PSYoungGen      total 17920K, used 17881K [0x00000000ec000000, 0x00000000ed400000, 0x0000000100000000)
  eden space 15360K, 99% used [0x00000000ec000000,0x00000000ecefd370,0x00000000ecf00000)
  from space 2560K, 98% used [0x00000000ecf00000,0x00000000ed179238,0x00000000ed180000)
  to   space 2560K, 0% used [0x00000000ed180000,0x00000000ed180000,0x00000000ed400000)
 ParOldGen       total 40960K, used 2032K [0x00000000c4000000, 0x00000000c6800000, 0x00000000ec000000)
  object space 40960K, 4% used [0x00000000c4000000,0x00000000c41fc2e0,0x00000000c6800000)
 Metaspace       used 11879K, capacity 12072K, committed 12288K, reserved 1060864K
  class space    used 1421K, capacity 1477K, committed 1536K, reserved 1048576K
Event: 12839.598 GC heap after
Heap after GC invocations=2 (full 0):
 PSYoungGen      total 17920K, used 2528K [0x00000000ec000000, 0x00000000ed400000, 0x0000000100000000)
  eden space 15360K, 0% used [0x00000000ec000000,0x00000000ec000000,0x00000000ecf00000)
  from space 2560K, 98% used [0x00000000ed180000,0x00000000ed3f8040,0x00000000ed400000)
  to   space 2560K, 0% used [0x00000000ecf00000,0x00000000ecf00000,0x00000000ed180000)
 ParOldGen       total 40960K, used 4664K [0x00000000c4000000, 0x00000000c6800000, 0x00000000ec000000)
  object space 40960K, 11% used [0x00000000c4000000,0x00000000c448e098,0x00000000c6800000)
 Metaspace       used 11879K, capacity 12072K, committed 12288K, reserved 1060864K
  class space    used 1421K, capacity 1477K, committed 1536K, reserved 1048576K
}
Event: 12851.750 GC heap before
{Heap before GC invocations=3 (full 0):
 PSYoungGen      total 17920K, used 17725K [0x00000000ec000000, 0x00000000ed400000, 0x0000000100000000)
  eden space 15360K, 98% used [0x00000000ec000000,0x00000000eced75e0,0x00000000ecf00000)
  from space 2560K, 98% used [0x00000000ed180000,0x00000000ed3f8040,0x00000000ed400000)
  to   space 2560K, 0% used [0x00000000ecf00000,0x00000000ecf00000,0x00000000ed180000)
 ParOldGen       total 40960K, used 4664K [0x00000000c4000000, 0x00000000c6800000, 0x00000000ec000000)
  object space 40960K, 11% used [0x00000000c4000000,0x00000000c448e098,0x00000000c6800000)
 Metaspace       used 13888K, capacity 14166K, committed 14464K, reserved 1062912K
  class space    used 1713K, capacity 1810K, committed 1920K, reserved 1048576K
Event: 12851.764 GC heap after
Heap after GC invocations=3 (full 0):
 PSYoungGen      total 17920K, used 2544K [0x00000000ec000000, 0x00000000ed400000, 0x0000000100000000)
  eden space 15360K, 0% used [0x00000000ec000000,0x00000000ec000000,0x00000000ecf00000)
  from space 2560K, 99% used [0x00000000ecf00000,0x00000000ed17c030,0x00000000ed180000)
  to   space 2560K, 0% used [0x00000000ed180000,0x00000000ed180000,0x00000000ed400000)
 ParOldGen       total 40960K, used 7213K [0x00000000c4000000, 0x00000000c6800000, 0x00000000ec000000)
  object space 40960K, 17% used [0x00000000c4000000,0x00000000c470b6d0,0x00000000c6800000)
 Metaspace       used 13888K, capacity 14166K, committed 14464K, reserved 1062912K
  class space    used 1713K, capacity 1810K, committed 1920K, reserved 1048576K
}
Event: 14546.028 GC heap before
{Heap before GC invocations=4 (full 0):
 PSYoungGen      total 17920K, used 17904K [0x00000000ec000000, 0x00000000ed400000, 0x0000000100000000)
  eden space 15360K, 100% used [0x00000000ec000000,0x00000000ecf00000,0x00000000ecf00000)
  from space 2560K, 99% used [0x00000000ecf00000,0x00000000ed17c030,0x00000000ed180000)
  to   space 2560K, 0% used [0x00000000ed180000,0x00000000ed180000,0x00000000ed400000)
 ParOldGen       total 40960K, used 7213K [0x00000000c4000000, 0x00000000c6800000, 0x00000000ec000000)
  object space 40960K, 17% used [0x00000000c4000000,0x00000000c470b6d0,0x00000000c6800000)
 Metaspace       used 14045K, capacity 14294K, committed 14464K, reserved 1062912K
  class space    used 1718K, capacity 1810K, committed 1920K, reserved 1048576K
Event: 14546.040 GC heap after
Heap after GC invocations=4 (full 0):
 PSYoungGen      total 17920K, used 2544K [0x00000000ec000000, 0x00000000ed400000, 0x0000000100000000)
  eden space 15360K, 0% used [0x00000000ec000000,0x00000000ec000000,0x00000000ecf00000)
  from space 2560K, 99% used [0x00000000ed180000,0x00000000ed3fc030,0x00000000ed400000)
  to   space 2560K, 0% used [0x00000000ecf00000,0x00000000ecf00000,0x00000000ed180000)
 ParOldGen       total 40960K, used 7808K [0x00000000c4000000, 0x00000000c6800000, 0x00000000ec000000)
  object space 40960K, 19% used [0x00000000c4000000,0x00000000c47a0200,0x00000000c6800000)
 Metaspace       used 14045K, capacity 14294K, committed 14464K, reserved 1062912K
  class space    used 1718K, capacity 1810K, committed 1920K, reserved 1048576K
}
Event: 15089.031 GC heap before
{Heap before GC invocations=5 (full 0):
 PSYoungGen      total 17920K, used 17759K [0x00000000ec000000, 0x00000000ed400000, 0x0000000100000000)
  eden space 15360K, 99% used [0x00000000ec000000,0x00000000ecedbf68,0x00000000ecf00000)
  from space 2560K, 99% used [0x00000000ed180000,0x00000000ed3fc030,0x00000000ed400000)
  to   space 2560K, 0% used [0x00000000ecf00000,0x00000000ecf00000,0x00000000ed180000)
 ParOldGen       total 40960K, used 7808K [0x00000000c4000000, 0x00000000c6800000, 0x00000000ec000000)
  object space 40960K, 19% used [0x00000000c4000000,0x00000000c47a0200,0x00000000c6800000)
 Metaspace       used 14160K, capacity 14452K, committed 14720K, reserved 1062912K
  class space    used 1721K, capacity 1815K, committed 1920K, reserved 1048576K
Event: 15089.036 GC heap after
Heap after GC invocations=5 (full 0):
 PSYoungGen      total 17920K, used 2528K [0x00000000ec000000, 0x00000000edb00000, 0x0000000100000000)
  eden space 15360K, 0% used [0x00000000ec000000,0x00000000ec000000,0x00000000ecf00000)
  from space 2560K, 98% used [0x00000000ecf00000,0x00000000ed178020,0x00000000ed180000)
  to   space 6144K, 0% used [0x00000000ed500000,0x00000000ed500000,0x00000000edb00000)
 ParOldGen       total 40960K, used 8572K [0x00000000c4000000, 0x00000000c6800000, 0x00000000ec000000)
  object space 40960K, 20% used [0x00000000c4000000,0x00000000c485f168,0x00000000c6800000)
 Metaspace       used 14160K, capacity 14452K, committed 14720K, reserved 1062912K
  class space    used 1721K, capacity 1815K, committed 1920K, reserved 1048576K
}

