# JRE version: OpenJDK Runtime Environment (8.0_102-b14) (build 1.8.0_102-b14)
# Java VM: OpenJDK 64-Bit Server VM (25.102-b14 mixed mode linux-amd64 compressed oops)
Heap:
 PSYoungGen      total 21504K, used 16319K [0x00000000ec000000, 0x00000000edb80000, 0x0000000100000000)
  eden space 14848K, 93% used [0x00000000ec000000,0x00000000ecd86b70,0x00000000ece80000)
  from space 6656K, 37% used [0x00000000ece80000,0x00000000ed0e90c0,0x00000000ed500000)
  to   space 6656K, 0% used [0x00000000ed500000,0x00000000ed500000,0x00000000edb80000)
 ParOldGen       total 40960K, used 12182K [0x00000000c4000000, 0x00000000c6800000, 0x00000000ec000000)
  object space 40960K, 29% used [0x00000000c4000000,0x00000000c4be5bb0,0x00000000c6800000)
 Metaspace       used 16040K, capacity 16298K, committed 16640K, reserved 1064960K
  class space    used 1881K, capacity 1980K, committed 2048K, reserved 1048576K
GC Heap History (10 events):
Event: 943.374 GC heap before
{Heap before GC invocations=7 (full 0):
 PSYoungGen      total 21504K, used 18906K [0x00000000ec000000, 0x00000000edb00000, 0x0000000100000000)
  eden space 15360K, 100% used [0x00000000ec000000,0x00000000ecf00000,0x00000000ecf00000)
  from space 6144K, 57% used [0x00000000ed500000,0x00000000ed8768a0,0x00000000edb00000)
  to   space 6144K, 0% used [0x00000000ecf00000,0x00000000ecf00000,0x00000000ed500000)
 ParOldGen       total 40960K, used 10038K [0x00000000c4000000, 0x00000000c6800000, 0x00000000ec000000)
  object space 40960K, 24% used [0x00000000c4000000,0x00000000c49cdb20,0x00000000c6800000)
 Metaspace       used 14262K, capacity 14586K, committed 14976K, reserved 1062912K
  class space    used 1722K, capacity 1816K, committed 1920K, reserved 1048576K
Event: 943.382 GC heap after
Heap after GC invocations=7 (full 0):
 PSYoungGen      total 21504K, used 480K [0x00000000ec000000, 0x00000000edc00000, 0x0000000100000000)
  eden space 15360K, 0% used [0x00000000ec000000,0x00000000ec000000,0x00000000ecf00000)
  from space 6144K, 7% used [0x00000000ecf00000,0x00000000ecf78040,0x00000000ed500000)
  to   space 6656K, 0% used [0x00000000ed580000,0x00000000ed580000,0x00000000edc00000)
 ParOldGen       total 40960K, used 11846K [0x00000000c4000000, 0x00000000c6800000, 0x00000000ec000000)
  object space 40960K, 28% used [0x00000000c4000000,0x00000000c4b91b80,0x00000000c6800000)
 Metaspace       used 14262K, capacity 14586K, committed 14976K, reserved 1062912K
  class space    used 1722K, capacity 1816K, committed 1920K, reserved 1048576K
}
Event: 1048.278 GC heap before
{Heap before GC invocations=8 (full 0):
 PSYoungGen      total 21504K, used 15541K [0x00000000ec000000, 0x00000000edc00000, 0x0000000100000000)
  eden space 15360K, 98% used [0x00000000ec000000,0x00000000eceb5588,0x00000000ecf00000)
  from space 6144K, 7% used [0x00000000ecf00000,0x00000000ecf78040,0x00000000ed500000)
  to   space 6656K, 0% used [0x00000000ed580000,0x00000000ed580000,0x00000000edc00000)
 ParOldGen       total 40960K, used 11846K [0x00000000c4000000, 0x00000000c6800000, 0x00000000ec000000)
  object space 40960K, 28% used [0x00000000c4000000,0x00000000c4b91b80,0x00000000c6800000)
 Metaspace       used 14326K, capacity 14586K, committed 14976K, reserved 1062912K
  class space    used 1722K, capacity 1816K, committed 1920K, reserved 1048576K
Event: 1048.281 GC heap after
Heap after GC invocations=8 (full 0):
 PSYoungGen      total 21504K, used 1706K [0x00000000ec000000, 0x00000000edd00000, 0x0000000100000000)
  eden space 14848K, 0% used [0x00000000ec000000,0x00000000ec000000,0x00000000ece80000)
  from space 6656K, 25% used [0x00000000ed580000,0x00000000ed72ab50,0x00000000edc00000)
  to   space 7168K, 0% used [0x00000000ece80000,0x00000000ece80000,0x00000000ed580000)
 ParOldGen       total 40960K, used 12046K [0x00000000c4000000, 0x00000000c6800000, 0x00000000ec000000)
  object space 40960K, 29% used [0x00000000c4000000,0x00000000c4bc3b90,0x00000000c6800000)
 Metaspace       used 14326K, capacity 14586K, committed 14976K, reserved 1062912K
  class space    used 1722K, capacity 1816K, committed 1920K, reserved 1048576K
}
Event: 1079.377 GC heap before
{Heap before GC invocations=9 (full 0):
 PSYoungGen      total 21504K, used 16417K [0x00000000ec000000, 0x00000000edd00000, 0x0000000100000000)
  eden space 14848K, 99% used [0x00000000ec000000,0x00000000ece5dc10,0x00000000ece80000)
  from space 6656K, 25% used [0x00000000ed580000,0x00000000ed72ab50,0x00000000edc00000)
  to   space 7168K, 0% used [0x00000000ece80000,0x00000000ece80000,0x00000000ed580000)
 ParOldGen       total 40960K, used 12046K [0x00000000c4000000, 0x00000000c6800000, 0x00000000ec000000)
  object space 40960K, 29% used [0x00000000c4000000,0x00000000c4bc3b90,0x00000000c6800000)
 Metaspace       used 14363K, capacity 14650K, committed 14976K, reserved 1062912K
  class space    used 1722K, capacity 1816K, committed 1920K, reserved 1048576K
Event: 1079.379 GC heap after
Heap after GC invocations=9 (full 0):
 PSYoungGen      total 22016K, used 1027K [0x00000000ec000000, 0x00000000edc80000, 0x0000000100000000)
  eden space 14848K, 0% used [0x00000000ec000000,0x00000000ec000000,0x00000000ece80000)
  from space 7168K, 14% used [0x00000000ece80000,0x00000000ecf80d08,0x00000000ed580000)
  to   space 7168K, 0% used [0x00000000ed580000,0x00000000ed580000,0x00000000edc80000)
 ParOldGen       total 40960K, used 12126K [0x00000000c4000000, 0x00000000c6800000, 0x00000000ec000000)
  object space 40960K, 29% used [0x00000000c4000000,0x00000000c4bd7bb0,0x00000000c6800000)
 Metaspace       used 14363K, capacity 14650K, committed 14976K, reserved 1062912K
  class space    used 1722K, capacity 1816K, committed 1920K, reserved 1048576K
}
Event: 1143.006 GC heap before
{Heap before GC invocations=10 (full 0):
 PSYoungGen      total 22016K, used 15843K [0x00000000ec000000, 0x00000000edc80000, 0x0000000100000000)
  eden space 14848K, 99% used [0x00000000ec000000,0x00000000ece78188,0x00000000ece80000)
  from space 7168K, 14% used [0x00000000ece80000,0x00000000ecf80d08,0x00000000ed580000)
  to   space 7168K, 0% used [0x00000000ed580000,0x00000000ed580000,0x00000000edc80000)
 ParOldGen       total 40960K, used 12126K [0x00000000c4000000, 0x00000000c6800000, 0x00000000ec000000)
  object space 40960K, 29% used [0x00000000c4000000,0x00000000c4bd7bb0,0x00000000c6800000)
 Metaspace       used 14392K, capacity 14714K, committed 14976K, reserved 1062912K
  class space    used 1722K, capacity 1816K, committed 1920K, reserved 1048576K
Event: 1143.008 GC heap after
Heap after GC invocations=10 (full 0):
 PSYoungGen      total 20992K, used 3145K [0x00000000ec000000, 0x00000000edb80000, 0x0000000100000000)
  eden space 14848K, 0% used [0x00000000ec000000,0x00000000ec000000,0x00000000ece80000)
  from space 6144K, 51% used [0x00000000ed580000,0x00000000ed892640,0x00000000edb80000)
  to   space 6656K, 0% used [0x00000000ece80000,0x00000000ece80000,0x00000000ed500000)
 ParOldGen       total 40960K, used 12150K [0x00000000c4000000, 0x00000000c6800000, 0x00000000ec000000)
  object space 40960K, 29% used [0x00000000c4000000,0x00000000c4bddbb0,0x00000000c6800000)
 Metaspace       used 14392K, capacity 14714K, committed 14976K, reserved 1062912K
  class space    used 1722K, capacity 1816K, committed 1920K, reserved 1048576K
}
Event: 1189.667 GC heap before
{Heap before GC invocations=11 (full 0):
 PSYoungGen      total 20992K, used 17985K [0x00000000ec000000, 0x00000000edb80000, 0x0000000100000000)
  eden space 14848K, 99% used [0x00000000ec000000,0x00000000ece7ddc0,0x00000000ece80000)
  from space 6144K, 51% used [0x00000000ed580000,0x00000000ed892640,0x00000000edb80000)
  to   space 6656K, 0% used [0x00000000ece80000,0x00000000ece80000,0x00000000ed500000)
 ParOldGen       total 40960K, used 12150K [0x00000000c4000000, 0x00000000c6800000, 0x00000000ec000000)
  object space 40960K, 29% used [0x00000000c4000000,0x00000000c4bddbb0,0x00000000c6800000)
 Metaspace       used 14409K, capacity 14714K, committed 14976K, reserved 1062912K
  class space    used 1722K, capacity 1816K, committed 1920K, reserved 1048576K
Event: 1189.669 GC heap after
Heap after GC invocations=11 (full 0):
 PSYoungGen      total 21504K, used 2468K [0x00000000ec000000, 0x00000000edb80000, 0x0000000100000000)
  eden space 14848K, 0% used [0x00000000ec000000,0x00000000ec000000,0x00000000ece80000)
  from space 6656K, 37% used [0x00000000ece80000,0x00000000ed0e90c0,0x00000000ed500000)
  to   space 6656K, 0% used [0x00000000ed500000,0x00000000ed500000,0x00000000edb80000)
 ParOldGen       total 40960K, used 12182K [0x00000000c4000000, 0x00000000c6800000, 0x00000000ec000000)
  object space 40960K, 29% used [0x00000000c4000000,0x00000000c4be5bb0,0x00000000c6800000)
 Metaspace       used 14409K, capacity 14714K, committed 14976K, reserved 1062912K
  class space    used 1722K, capacity 1816K, committed 1920K, reserved 1048576K
}

